Initializing document watcher...
Document watcher initialized
student_02_0bc9ce7a92e9/guestbook-service/pom.xml: {}
student_02_0bc9ce7a92e9/guestbook-service/src/main/resources/application.properties: {}
student_02_0bc9ce7a92e9/guestbook-service/src/main/resources/application.properties: {}
/User/settings.json: Using EditorConfig core...
student_02_0bc9ce7a92e9/guestbook-service/src/main/resources/application.properties: Using EditorConfig core...
student_02_0bc9ce7a92e9/guestbook-service/src/main/resources/application.properties: Using EditorConfig core...
student_02_0bc9ce7a92e9/guestbook-service/src/main/resources/application.properties: {}
student_02_0bc9ce7a92e9/guestbook-service/src/main/resources/application.properties: {}
student_02_0bc9ce7a92e9/guestbook-service/src/main/resources/application-cloud.properties: {}
student_02_0bc9ce7a92e9/guestbook-service/src/main/resources/application-cloud.properties: {}
student_02_0bc9ce7a92e9/guestbook-service/src/main/resources/application-cloud.properties: Using EditorConfig core...
student_02_0bc9ce7a92e9/guestbook-service/src/main/resources/application-cloud.properties: Using EditorConfig core...
student_02_0bc9ce7a92e9/guestbook-service/src/main/resources/application-cloud.properties: {}
student_02_0bc9ce7a92e9/guestbook-service/src/main/resources/application-cloud.properties: Using EditorConfig core...
student_02_0bc9ce7a92e9/guestbook-service/src/main/resources/application-cloud.properties: Using EditorConfig core...
student_02_0bc9ce7a92e9/guestbook-service/src/main/resources/application-cloud.properties: {}
student_02_0bc9ce7a92e9/guestbook-service/src/main/resources/application-cloud.properties: Using EditorConfig core...
student_02_0bc9ce7a92e9/guestbook-service/src/main/resources/application-cloud.properties: {}
student_02_0bc9ce7a92e9/guestbook-service/src/main/resources/application-cloud.properties: Using EditorConfig core...
student_02_0bc9ce7a92e9/guestbook-service/src/main/resources/application-cloud.properties: Using EditorConfig core...
